07/16/2024 21:36:27 [Project.Server.Server] ([32mINFO[0m):
[34m>[0m Server Starting
07/16/2024 21:36:27 [Project.Server.Server] ([32mINFO[0m):
[34m>[0m Listening on port 3000
07/16/2024 21:36:27 [Project.Server.Room] ([32mINFO[0m):
[34m>[0m Room[lobby]: created
07/16/2024 21:36:27 [Project.Server.Server] ([32mINFO[0m):
[34m>[0m Created new Room lobby
07/16/2024 21:36:27 [Project.Server.Server] ([32mINFO[0m):
[34m>[0m Waiting for next client
07/16/2024 21:36:54 [Project.Server.Server] ([32mINFO[0m):
[34m>[0m Client connected
07/16/2024 21:36:54 [Project.Server.ServerThread] ([32mINFO[0m):
[34m>[0m ServerThread[null(0)]: ServerThread created
07/16/2024 21:36:54 [Project.Server.Server] ([32mINFO[0m):
[34m>[0m Waiting for next client
07/16/2024 21:36:54 [Project.Server.ServerThread] ([32mINFO[0m):
[34m>[0m ServerThread[null(-1)]: Thread starting
07/16/2024 21:36:54 [Project.Server.ServerThread] ([32mINFO[0m):
[34m>[0m ServerThread[null(-1)]: Received from my client: Payload[CLIENT_CONNECT] Client Id [0] Message: [null] Client Name [Ahmed] Status [disconnect]
07/16/2024 21:36:54 [Project.Server.Server] ([32mINFO[0m):
[34m>[0m Server: *Ahmed[1] initialized*
07/16/2024 21:36:54 [Project.Server.Room] ([32mINFO[0m):
[34m>[0m Room[lobby]: sending room status to 1 recipients
07/16/2024 21:36:54 [Project.Server.Room] ([32mINFO[0m):
[34m>[0m Room[lobby]: Ahmed[1] joined the Room[lobby]
07/16/2024 21:37:00 [Project.Server.ServerThread] ([32mINFO[0m):
[34m>[0m ServerThread[Ahmed(1)]: Received from my client: RollPayload [Dicenumber=1, Sidesnumber=100]
07/16/2024 21:37:00 [Project.Server.Room] ([32mINFO[0m):
[34m>[0m Room[lobby]: sending message to lobby recipients: 1
07/16/2024 21:38:14 [Project.Server.ServerThread] ([32mINFO[0m):
[34m>[0m ServerThread[Ahmed(1)]: Received from my client: Payload[MESSAGE] Client Id [0] Message: [#g Green g#]
07/16/2024 21:38:14 [Project.Server.Room] ([32mINFO[0m):
[34m>[0m Room[lobby]: sending message to lobby recipients: 1
07/16/2024 21:38:43 [Project.Server.ServerThread] ([32mINFO[0m):
[34m>[0m ServerThread[Ahmed(1)]: Received from my client: Payload[MESSAGE] Client Id [0] Message: [Test]
07/16/2024 21:38:43 [Project.Server.Room] ([32mINFO[0m):
[34m>[0m Room[lobby]: sending message to lobby recipients: 1
07/16/2024 21:39:13 [Project.Server.ServerThread] ([32mINFO[0m):
[34m>[0m ServerThread[Ahmed(1)]: Received from my client: Payload[DISCONNECT] Client Id [0] Message: [null]
07/16/2024 21:39:13 [Project.Server.Room] ([32mINFO[0m):
[34m>[0m Room[lobby]: sending disconnect status to 1 recipients
07/16/2024 21:39:13 [Project.Server.ServerThread] ([32mINFO[0m):
[34m>[0m ServerThread[Ahmed(1)]: Thread being disconnected by server
07/16/2024 21:39:13 [Project.Server.ServerThread] ([32mINFO[0m):
[34m>[0m ServerThread[Ahmed(1)]: ServerThread cleanup() start
07/16/2024 21:39:13 [Project.Server.ServerThread] ([32mINFO[0m):
[34m>[0m ServerThread[Ahmed(1)]: ServerThread cleanup() end
07/16/2024 21:39:13 [Project.Server.Room] ([34mFINE[0m):
[34m>[0m Clients remaining in Room: 0
07/16/2024 21:39:13 [Project.Server.Room] ([32mINFO[0m):
[34m>[0m Room[lobby]: Ahmed[1] disconnected
07/16/2024 21:39:13 [Project.Server.ServerThread] ([32mINFO[0m):
[34m>[0m ServerThread[Ahmed(1)]: Exited thread loop. Cleaning up connection
07/16/2024 21:39:13 [Project.Server.ServerThread] ([32mINFO[0m):
[34m>[0m ServerThread[Ahmed(1)]: ServerThread cleanup() start
07/16/2024 21:39:13 [Project.Server.ServerThread] ([32mINFO[0m):
[34m>[0m ServerThread[Ahmed(1)]: ServerThread cleanup() end
